<?xml version="1.0" encoding="UTF-8"?>
<testng-results ignored="0" total="1" passed="1" failed="0" skipped="0">
  <reporter-output>
  </reporter-output>
  <suite started-at="2022-07-23T15:47:53Z" name="Default suite" finished-at="2022-07-23T15:47:58Z" duration-ms="5741">
    <groups>
    </groups>
    <test started-at="2022-07-23T15:47:53Z" name="Default test" finished-at="2022-07-23T15:47:58Z" duration-ms="5741">
      <class name="loginTest.TC_06_LoginExcel">
        <test-method is-config="true" signature="beforeTest()[pri:0, instance:loginTest.TC_06_LoginExcel@42deb43a]" started-at="2022-07-23T15:47:53Z" name="beforeTest" finished-at="2022-07-23T15:47:54Z" duration-ms="1598" status="PASS">
          <reporter-output>
          </reporter-output>
        </test-method> <!-- beforeTest -->
        <test-method signature="TC06()[pri:0, instance:loginTest.TC_06_LoginExcel@42deb43a]" started-at="2022-07-23T15:47:54Z" name="TC06" finished-at="2022-07-23T15:47:57Z" duration-ms="3077" status="PASS">
          <reporter-output>
          </reporter-output>
        </test-method> <!-- TC06 -->
        <test-method is-config="true" signature="afterTest()[pri:0, instance:loginTest.TC_06_LoginExcel@42deb43a]" started-at="2022-07-23T15:47:57Z" name="afterTest" finished-at="2022-07-23T15:47:58Z" duration-ms="1020" status="PASS">
          <reporter-output>
          </reporter-output>
        </test-method> <!-- afterTest -->
      </class> <!-- loginTest.TC_06_LoginExcel -->
    </test> <!-- Default test -->
  </suite> <!-- Default suite -->
</testng-results>
